Detecting C compiler ABI info failed to compile with the following output:
Change Dir: /Users/casey/Desktop/fio.contracts/build/contracts/CMakeFiles/CMakeTmp

Run Build Command(s):/usr/bin/make cmTC_73cea/fast && /Applications/Xcode.app/Contents/Developer/usr/bin/make  -f CMakeFiles/cmTC_73cea.dir/build.make CMakeFiles/cmTC_73cea.dir/build
Building C object CMakeFiles/cmTC_73cea.dir/CMakeCCompilerABI.c.obj
/usr/local/eosio.cdt/bin/eosio-cc   -O3     -v -o CMakeFiles/cmTC_73cea.dir/CMakeCCompilerABI.c.obj   -c /usr/local/Cellar/cmake/3.17.3/share/cmake/Modules/CMakeCCompilerABI.c
clang version 7.0.0 (https://github.com/eosio/clang.git 3e38ccb3dacee8c53ed6d3d5a59d1f6d4f0c96cf) (https://github.com/eosio/llvm 798a37dc0de68ba4fd5bb2988e45f7d022b3bb65)
Target: x86_64-apple-darwin19.5.0
Thread model: posix
InstalledDir: /usr/local/eosio.cdt/bin
Linking C executable cmTC_73cea.wasm
/usr/local/Cellar/cmake/3.17.3/bin/cmake -E cmake_link_script CMakeFiles/cmTC_73cea.dir/link.txt --verbose=1
/usr/local/eosio.cdt/bin/eosio-ld  -v CMakeFiles/cmTC_73cea.dir/CMakeCCompilerABI.c.obj -o cmTC_73cea.wasm 
eosio-ld: Unknown command line argument '-v'.  Try: '/usr/local/eosio.cdt/bin/eosio-ld -help'
eosio-ld: Did you mean '-l'?
make[4]: *** [cmTC_73cea.wasm] Error 1
make[3]: *** [cmTC_73cea/fast] Error 2




Detecting CXX compiler ABI info failed to compile with the following output:
Change Dir: /Users/casey/Desktop/fio.contracts/build/contracts/CMakeFiles/CMakeTmp

Run Build Command(s):/usr/bin/make cmTC_8a838/fast && /Applications/Xcode.app/Contents/Developer/usr/bin/make  -f CMakeFiles/cmTC_8a838.dir/build.make CMakeFiles/cmTC_8a838.dir/build
Building CXX object CMakeFiles/cmTC_8a838.dir/CMakeCXXCompilerABI.cpp.obj
/usr/local/eosio.cdt/bin/eosio-cpp    -O3     -v -o CMakeFiles/cmTC_8a838.dir/CMakeCXXCompilerABI.cpp.obj -c /usr/local/Cellar/cmake/3.17.3/share/cmake/Modules/CMakeCXXCompilerABI.cpp
clang version 7.0.0 (https://github.com/eosio/clang.git 3e38ccb3dacee8c53ed6d3d5a59d1f6d4f0c96cf) (https://github.com/eosio/llvm 798a37dc0de68ba4fd5bb2988e45f7d022b3bb65)
Target: x86_64-apple-darwin19.5.0
Thread model: posix
InstalledDir: /usr/local/eosio.cdt/bin
Linking CXX executable cmTC_8a838.wasm
/usr/local/Cellar/cmake/3.17.3/bin/cmake -E cmake_link_script CMakeFiles/cmTC_8a838.dir/link.txt --verbose=1
/usr/local/eosio.cdt/bin/eosio-ld  -v CMakeFiles/cmTC_8a838.dir/CMakeCXXCompilerABI.cpp.obj -o cmTC_8a838.wasm 
eosio-ld: Unknown command line argument '-v'.  Try: '/usr/local/eosio.cdt/bin/eosio-ld -help'
eosio-ld: Did you mean '-l'?
make[4]: *** [cmTC_8a838.wasm] Error 1
make[3]: *** [cmTC_8a838/fast] Error 2




